# JRE version: OpenJDK Runtime Environment (21.0.4) (build 21.0.4+-12508038-b607.1)
# Java VM: OpenJDK 64-Bit Server VM (21.0.4+-12508038-b607.1, mixed mode, tiered, compressed oops, compressed class ptrs, g1 gc, windows-amd64)
GC Precious Log:
 CardTable entry size: 512
 Card Set container configuration: InlinePtr #cards 5 size 8 Array Of Cards #cards 12 size 40 Howl #buckets 4 coarsen threshold 1843 Howl Bitmap #cards 512 size 80 coarsen threshold 460 Card regions per heap region 1 cards per card region 2048
 CPUs: 8 total, 8 available
 Memory: 7979M
 Large Page Support: Disabled
 NUMA Support: Disabled
 Compressed Oops: Enabled (32-bit)
 Heap Region Size: 1M
 Heap Min Capacity: 8M
 Heap Initial Capacity: 126M
 Heap Max Capacity: 2G
 Pre-touch: Disabled
 Parallel Workers: 8
 Concurrent Workers: 2
 Concurrent Refinement Workers: 8
 Periodic GC: Disabled
Heap:
 garbage-first heap   total 324608K, used 154700K [0x0000000080000000, 0x0000000100000000)
  region size 1024K, 7 young (7168K), 7 survivors (7168K)
 Metaspace       used 142665K, committed 144960K, reserved 1179648K
  class space    used 19052K, committed 20224K, reserved 1048576K
GC Heap History (20 events):
Event: 34.957 GC heap after
{Heap after GC invocations=61 (full 0):
 garbage-first heap   total 270336K, used 158002K [0x0000000080000000, 0x0000000100000000)
  region size 1024K, 5 young (5120K), 5 survivors (5120K)
 Metaspace       used 142228K, committed 144576K, reserved 1179648K
  class space    used 18997K, committed 20224K, reserved 1048576K
}
Event: 35.231 GC heap before
{Heap before GC invocations=62 (full 0):
 garbage-first heap   total 270336K, used 249138K [0x0000000080000000, 0x0000000100000000)
  region size 1024K, 95 young (97280K), 5 survivors (5120K)
 Metaspace       used 142246K, committed 144576K, reserved 1179648K
  class space    used 19000K, committed 20224K, reserved 1048576K
}
Event: 35.238 GC heap after
{Heap after GC invocations=63 (full 0):
 garbage-first heap   total 270336K, used 158069K [0x0000000080000000, 0x0000000100000000)
  region size 1024K, 5 young (5120K), 5 survivors (5120K)
 Metaspace       used 142246K, committed 144576K, reserved 1179648K
  class space    used 19000K, committed 20224K, reserved 1048576K
}
Event: 35.532 GC heap before
{Heap before GC invocations=63 (full 0):
 garbage-first heap   total 270336K, used 250229K [0x0000000080000000, 0x0000000100000000)
  region size 1024K, 95 young (97280K), 5 survivors (5120K)
 Metaspace       used 142277K, committed 144640K, reserved 1179648K
  class space    used 19006K, committed 20224K, reserved 1048576K
}
Event: 35.543 GC heap after
{Heap after GC invocations=64 (full 0):
 garbage-first heap   total 324608K, used 157208K [0x0000000080000000, 0x0000000100000000)
  region size 1024K, 6 young (6144K), 6 survivors (6144K)
 Metaspace       used 142277K, committed 144640K, reserved 1179648K
  class space    used 19006K, committed 20224K, reserved 1048576K
}
Event: 35.986 GC heap before
{Heap before GC invocations=64 (full 0):
 garbage-first heap   total 324608K, used 300568K [0x0000000080000000, 0x0000000100000000)
  region size 1024K, 146 young (149504K), 6 survivors (6144K)
 Metaspace       used 142312K, committed 144640K, reserved 1179648K
  class space    used 19007K, committed 20224K, reserved 1048576K
}
Event: 35.994 GC heap after
{Heap after GC invocations=65 (full 0):
 garbage-first heap   total 324608K, used 157424K [0x0000000080000000, 0x0000000100000000)
  region size 1024K, 6 young (6144K), 6 survivors (6144K)
 Metaspace       used 142312K, committed 144640K, reserved 1179648K
  class space    used 19007K, committed 20224K, reserved 1048576K
}
Event: 36.418 GC heap before
{Heap before GC invocations=65 (full 0):
 garbage-first heap   total 324608K, used 300784K [0x0000000080000000, 0x0000000100000000)
  region size 1024K, 146 young (149504K), 6 survivors (6144K)
 Metaspace       used 142348K, committed 144704K, reserved 1179648K
  class space    used 19011K, committed 20224K, reserved 1048576K
}
Event: 36.428 GC heap after
{Heap after GC invocations=66 (full 0):
 garbage-first heap   total 324608K, used 158720K [0x0000000080000000, 0x0000000100000000)
  region size 1024K, 7 young (7168K), 7 survivors (7168K)
 Metaspace       used 142348K, committed 144704K, reserved 1179648K
  class space    used 19011K, committed 20224K, reserved 1048576K
}
Event: 36.817 GC heap before
{Heap before GC invocations=66 (full 0):
 garbage-first heap   total 324608K, used 300032K [0x0000000080000000, 0x0000000100000000)
  region size 1024K, 145 young (148480K), 7 survivors (7168K)
 Metaspace       used 142388K, committed 144704K, reserved 1179648K
  class space    used 19012K, committed 20224K, reserved 1048576K
}
Event: 36.827 GC heap after
{Heap after GC invocations=67 (full 0):
 garbage-first heap   total 324608K, used 158615K [0x0000000080000000, 0x0000000100000000)
  region size 1024K, 7 young (7168K), 7 survivors (7168K)
 Metaspace       used 142388K, committed 144704K, reserved 1179648K
  class space    used 19012K, committed 20224K, reserved 1048576K
}
Event: 37.325 GC heap before
{Heap before GC invocations=68 (full 0):
 garbage-first heap   total 324608K, used 299927K [0x0000000080000000, 0x0000000100000000)
  region size 1024K, 145 young (148480K), 7 survivors (7168K)
 Metaspace       used 142416K, committed 144768K, reserved 1179648K
  class space    used 19014K, committed 20224K, reserved 1048576K
}
Event: 37.337 GC heap after
{Heap after GC invocations=69 (full 0):
 garbage-first heap   total 324608K, used 159029K [0x0000000080000000, 0x0000000100000000)
  region size 1024K, 8 young (8192K), 8 survivors (8192K)
 Metaspace       used 142416K, committed 144768K, reserved 1179648K
  class space    used 19014K, committed 20224K, reserved 1048576K
}
Event: 37.770 GC heap before
{Heap before GC invocations=69 (full 0):
 garbage-first heap   total 324608K, used 298293K [0x0000000080000000, 0x0000000100000000)
  region size 1024K, 144 young (147456K), 8 survivors (8192K)
 Metaspace       used 142622K, committed 144960K, reserved 1179648K
  class space    used 19051K, committed 20224K, reserved 1048576K
}
Event: 37.782 GC heap after
{Heap after GC invocations=70 (full 0):
 garbage-first heap   total 324608K, used 156291K [0x0000000080000000, 0x0000000100000000)
  region size 1024K, 8 young (8192K), 8 survivors (8192K)
 Metaspace       used 142622K, committed 144960K, reserved 1179648K
  class space    used 19051K, committed 20224K, reserved 1048576K
}
Event: 38.150 GC heap before
{Heap before GC invocations=70 (full 0):
 garbage-first heap   total 324608K, used 298627K [0x0000000080000000, 0x0000000100000000)
  region size 1024K, 147 young (150528K), 8 survivors (8192K)
 Metaspace       used 142635K, committed 144960K, reserved 1179648K
  class space    used 19051K, committed 20224K, reserved 1048576K
}
Event: 38.161 GC heap after
{Heap after GC invocations=71 (full 0):
 garbage-first heap   total 324608K, used 157008K [0x0000000080000000, 0x0000000100000000)
  region size 1024K, 7 young (7168K), 7 survivors (7168K)
 Metaspace       used 142635K, committed 144960K, reserved 1179648K
  class space    used 19051K, committed 20224K, reserved 1048576K
}
Event: 38.586 GC heap before
{Heap before GC invocations=72 (full 0):
 garbage-first heap   total 324608K, used 299344K [0x0000000080000000, 0x0000000100000000)
  region size 1024K, 146 young (149504K), 7 survivors (7168K)
 Metaspace       used 142654K, committed 144960K, reserved 1179648K
  class space    used 19052K, committed 20224K, reserved 1048576K
}
Event: 38.596 GC heap after
{Heap after GC invocations=73 (full 0):
 garbage-first heap   total 324608K, used 157373K [0x0000000080000000, 0x0000000100000000)
  region size 1024K, 7 young (7168K), 7 survivors (7168K)
 Metaspace       used 142654K, committed 144960K, reserved 1179648K
  class space    used 19052K, committed 20224K, reserved 1048576K
}
Event: 38.977 GC heap before
{Heap before GC invocations=73 (full 0):
 garbage-first heap   total 324608K, used 298685K [0x0000000080000000, 0x0000000100000000)
  region size 1024K, 145 young (148480K), 7 survivors (7168K)
 Metaspace       used 142665K, committed 144960K, reserved 1179648K
  class space    used 19052K, committed 20224K, reserved 1048576K
}

