# JRE version: OpenJDK Runtime Environment (21.0.4) (build 21.0.4+-12508038-b607.1)
# Java VM: OpenJDK 64-Bit Server VM (21.0.4+-12508038-b607.1, mixed mode, tiered, compressed oops, compressed class ptrs, g1 gc, windows-amd64)
GC Precious Log:
 CardTable entry size: 512
 Card Set container configuration: InlinePtr #cards 5 size 8 Array Of Cards #cards 12 size 40 Howl #buckets 4 coarsen threshold 1843 Howl Bitmap #cards 512 size 80 coarsen threshold 460 Card regions per heap region 1 cards per card region 2048
 CPUs: 8 total, 8 available
 Memory: 7979M
 Large Page Support: Disabled
 NUMA Support: Disabled
 Compressed Oops: Enabled (32-bit)
 Heap Region Size: 1M
 Heap Min Capacity: 8M
 Heap Initial Capacity: 126M
 Heap Max Capacity: 2G
 Pre-touch: Disabled
 Parallel Workers: 8
 Concurrent Workers: 2
 Concurrent Refinement Workers: 8
 Periodic GC: Disabled
Heap:
 garbage-first heap   total 237568K, used 180396K [0x0000000080000000, 0x0000000100000000)
  region size 1024K, 27 young (27648K), 4 survivors (4096K)
 Metaspace       used 163513K, committed 166016K, reserved 1245184K
  class space    used 22217K, committed 23488K, reserved 1048576K
GC Heap History (20 events):
Event: 20.370 GC heap before
{Heap before GC invocations=40 (full 0):
 garbage-first heap   total 172032K, used 153251K [0x0000000080000000, 0x0000000100000000)
  region size 1024K, 51 young (52224K), 7 survivors (7168K)
 Metaspace       used 121169K, committed 123392K, reserved 1179648K
  class space    used 16372K, committed 17472K, reserved 1048576K
}
Event: 20.379 GC heap after
{Heap after GC invocations=41 (full 0):
 garbage-first heap   total 172032K, used 112873K [0x0000000080000000, 0x0000000100000000)
  region size 1024K, 3 young (3072K), 3 survivors (3072K)
 Metaspace       used 121169K, committed 123392K, reserved 1179648K
  class space    used 16372K, committed 17472K, reserved 1048576K
}
Event: 21.355 GC heap before
{Heap before GC invocations=42 (full 0):
 garbage-first heap   total 191488K, used 165097K [0x0000000080000000, 0x0000000100000000)
  region size 1024K, 47 young (48128K), 3 survivors (3072K)
 Metaspace       used 124496K, committed 126720K, reserved 1179648K
  class space    used 16704K, committed 17856K, reserved 1048576K
}
Event: 21.360 GC heap after
{Heap after GC invocations=43 (full 0):
 garbage-first heap   total 191488K, used 113835K [0x0000000080000000, 0x0000000100000000)
  region size 1024K, 4 young (4096K), 4 survivors (4096K)
 Metaspace       used 124496K, committed 126720K, reserved 1179648K
  class space    used 16704K, committed 17856K, reserved 1048576K
}
Event: 21.842 GC heap before
{Heap before GC invocations=43 (full 0):
 garbage-first heap   total 191488K, used 175275K [0x0000000080000000, 0x0000000100000000)
  region size 1024K, 65 young (66560K), 4 survivors (4096K)
 Metaspace       used 125790K, committed 128000K, reserved 1179648K
  class space    used 16859K, committed 17984K, reserved 1048576K
}
Event: 21.852 GC heap after
{Heap after GC invocations=44 (full 0):
 garbage-first heap   total 191488K, used 116491K [0x0000000080000000, 0x0000000100000000)
  region size 1024K, 7 young (7168K), 7 survivors (7168K)
 Metaspace       used 125790K, committed 128000K, reserved 1179648K
  class space    used 16859K, committed 17984K, reserved 1048576K
}
Event: 23.413 GC heap before
{Heap before GC invocations=44 (full 0):
 garbage-first heap   total 191488K, used 172811K [0x0000000080000000, 0x0000000100000000)
  region size 1024K, 63 young (64512K), 7 survivors (7168K)
 Metaspace       used 128218K, committed 130496K, reserved 1179648K
  class space    used 17163K, committed 18304K, reserved 1048576K
}
Event: 23.429 GC heap after
{Heap after GC invocations=45 (full 0):
 garbage-first heap   total 230400K, used 119929K [0x0000000080000000, 0x0000000100000000)
  region size 1024K, 7 young (7168K), 7 survivors (7168K)
 Metaspace       used 128218K, committed 130496K, reserved 1179648K
  class space    used 17163K, committed 18304K, reserved 1048576K
}
Event: 239.193 GC heap before
{Heap before GC invocations=46 (full 0):
 garbage-first heap   total 230400K, used 209017K [0x0000000080000000, 0x0000000100000000)
  region size 1024K, 95 young (97280K), 7 survivors (7168K)
 Metaspace       used 133628K, committed 135936K, reserved 1179648K
  class space    used 17643K, committed 18816K, reserved 1048576K
}
Event: 239.205 GC heap after
{Heap after GC invocations=47 (full 0):
 garbage-first heap   total 230400K, used 124014K [0x0000000080000000, 0x0000000100000000)
  region size 1024K, 8 young (8192K), 8 survivors (8192K)
 Metaspace       used 133628K, committed 135936K, reserved 1179648K
  class space    used 17643K, committed 18816K, reserved 1048576K
}
Event: 240.565 GC heap before
{Heap before GC invocations=47 (full 0):
 garbage-first heap   total 230400K, used 216174K [0x0000000080000000, 0x0000000100000000)
  region size 1024K, 91 young (93184K), 8 survivors (8192K)
 Metaspace       used 134221K, committed 136512K, reserved 1179648K
  class space    used 17651K, committed 18816K, reserved 1048576K
}
Event: 240.586 GC heap after
{Heap after GC invocations=48 (full 0):
 garbage-first heap   total 235520K, used 131432K [0x0000000080000000, 0x0000000100000000)
  region size 1024K, 12 young (12288K), 12 survivors (12288K)
 Metaspace       used 134221K, committed 136512K, reserved 1179648K
  class space    used 17651K, committed 18816K, reserved 1048576K
}
Event: 241.870 GC heap before
{Heap before GC invocations=48 (full 0):
 garbage-first heap   total 235520K, used 165224K [0x0000000080000000, 0x0000000100000000)
  region size 1024K, 47 young (48128K), 12 survivors (12288K)
 Metaspace       used 135520K, committed 137856K, reserved 1179648K
  class space    used 17776K, committed 18944K, reserved 1048576K
}
Event: 241.885 GC heap after
{Heap after GC invocations=49 (full 0):
 garbage-first heap   total 235520K, used 134671K [0x0000000080000000, 0x0000000100000000)
  region size 1024K, 4 young (4096K), 4 survivors (4096K)
 Metaspace       used 135520K, committed 137856K, reserved 1179648K
  class space    used 17776K, committed 18944K, reserved 1048576K
}
Event: 252.913 GC heap before
{Heap before GC invocations=50 (full 0):
 garbage-first heap   total 235520K, used 219663K [0x0000000080000000, 0x0000000100000000)
  region size 1024K, 86 young (88064K), 4 survivors (4096K)
 Metaspace       used 143605K, committed 146048K, reserved 1179648K
  class space    used 18752K, committed 19968K, reserved 1048576K
}
Event: 252.922 GC heap after
{Heap after GC invocations=51 (full 0):
 garbage-first heap   total 235520K, used 138716K [0x0000000080000000, 0x0000000100000000)
  region size 1024K, 8 young (8192K), 8 survivors (8192K)
 Metaspace       used 143605K, committed 146048K, reserved 1179648K
  class space    used 18752K, committed 19968K, reserved 1048576K
}
Event: 253.877 GC heap before
{Heap before GC invocations=51 (full 0):
 garbage-first heap   total 235520K, used 213468K [0x0000000080000000, 0x0000000100000000)
  region size 1024K, 82 young (83968K), 8 survivors (8192K)
 Metaspace       used 154005K, committed 156416K, reserved 1245184K
  class space    used 20574K, committed 21760K, reserved 1048576K
}
Event: 253.891 GC heap after
{Heap after GC invocations=52 (full 0):
 garbage-first heap   total 235520K, used 140984K [0x0000000080000000, 0x0000000100000000)
  region size 1024K, 9 young (9216K), 9 survivors (9216K)
 Metaspace       used 154005K, committed 156416K, reserved 1245184K
  class space    used 20574K, committed 21760K, reserved 1048576K
}
Event: 254.538 GC heap before
{Heap before GC invocations=52 (full 0):
 garbage-first heap   total 235520K, used 211640K [0x0000000080000000, 0x0000000100000000)
  region size 1024K, 79 young (80896K), 9 survivors (9216K)
 Metaspace       used 161659K, committed 164160K, reserved 1245184K
  class space    used 21917K, committed 23168K, reserved 1048576K
}
Event: 254.549 GC heap after
{Heap after GC invocations=53 (full 0):
 garbage-first heap   total 235520K, used 141484K [0x0000000080000000, 0x0000000100000000)
  region size 1024K, 4 young (4096K), 4 survivors (4096K)
 Metaspace       used 161659K, committed 164160K, reserved 1245184K
  class space    used 21917K, committed 23168K, reserved 1048576K
}

